\BOOKMARK [1][-]{section.1}{Figures}{}% 1
\BOOKMARK [2][-]{subsection.1.1}{Figure 1: Network Graph of Silicon Valley Outsourcing Relationships}{section.1}% 2
\BOOKMARK [2][-]{subsection.1.2}{Figure 2: Wage Premium and Violations}{section.1}% 3
\BOOKMARK [2][-]{subsection.1.3}{Figure 3: Average HHI and the Count of Violations}{section.1}% 4
\BOOKMARK [2][-]{subsection.1.4}{Figure 4: Violations Intensity by HHI, Subcontractor Status, and Skill}{section.1}% 5
\BOOKMARK [2][-]{subsection.1.5}{Figure 5: Probabilities a Firm Has a Violation}{section.1}% 6
\BOOKMARK [2][-]{subsection.1.6}{Figure 6: Wage-Setting Choices Facing the Monopsonist}{section.1}% 7
\BOOKMARK [1][-]{section.2}{Main Tables}{}% 8
\BOOKMARK [2][-]{subsection.2.1}{Table 1: Descriptive Statistics}{section.2}% 9
\BOOKMARK [2][-]{subsection.2.2}{Table 2: Wages, Skill Levels, and Subcontractor Status}{section.2}% 10
\BOOKMARK [2][-]{subsection.2.3}{Table 3: The Effect of Labor Market Power and Subcontractor Status on Log\(1 + Violations per 1000 H-1Bs\)}{section.2}% 11
\BOOKMARK [2][-]{subsection.2.4}{Table 4: Instrumental Variable: The Effect of Labor Market Power on Log\(1 + Violations per 1000 H-1Bs\)}{section.2}% 12
\BOOKMARK [2][-]{subsection.2.5}{Table 5: Marginal Effects: Changes in Probability}{section.2}% 13
\BOOKMARK [2][-]{subsection.2.6}{Table 6: Probabilities at Critical Values}{section.2}% 14
\BOOKMARK [1][-]{section.3}{Appendix Tables}{}% 15
\BOOKMARK [2][-]{subsection.3.1}{Appendix Table 1: The Effect of Labor Market Power and Subcontractor Status on Wage and Hour Violations}{section.3}% 16
\BOOKMARK [2][-]{subsection.3.2}{Appendix Table 2: The Effect of Labor Market Power on Log\(1 + Violations per 1000 H-1Bs\)}{section.3}% 17
\BOOKMARK [2][-]{subsection.3.3}{Appendix Table 3: The Effect of Labor Market Power on Log\(1 + Back Wages per 1000 H-1Bs\)}{section.3}% 18
\BOOKMARK [2][-]{subsection.3.4}{Appendix Table 4: The Effect of Labor Market Power and Subcontractor Status on Log\(1 + Back Wages per 1000 H-1Bs\)}{section.3}% 19
\BOOKMARK [2][-]{subsection.3.5}{Appendix Table 5: The Effect of Labor Market Power on Log\(1 + 1000\(Back Wages / Wages Promised\)\)}{section.3}% 20
\BOOKMARK [2][-]{subsection.3.6}{Appendix Table 6: The Effect of Labor Market Power and Subcontractor Status on Log\(1 + 1000\(Back Wages / Wages Promised\)\)}{section.3}% 21
\BOOKMARK [2][-]{subsection.3.7}{Appendix Table 7: Occupation Defined Labor Market Level Analysis}{section.3}% 22
\BOOKMARK [2][-]{subsection.3.8}{Appendix Table 8: Industry Defined Labor Market Level Analysis}{section.3}% 23
\BOOKMARK [2][-]{subsection.3.9}{Appendix Table 9: The Effect of Labor Market Power on Log\(1 + Violations per 1000 H-1Bs\) \(Unweighted\)}{section.3}% 24
\BOOKMARK [2][-]{subsection.3.10}{Appendix Table 10: The Effect of Labor Market Power and Subcontractor Status on Log\(1 + Violations per 1000 H-1Bs\)}{section.3}% 25
\BOOKMARK [2][-]{subsection.3.11}{Appendix Table 11: The Effect of Labor Market Power on Log\(1 + Back Wages per 1000 H-1Bs\) \(Unweighted\)}{section.3}% 26
\BOOKMARK [2][-]{subsection.3.12}{Appendix Table 12: The Effect of Labor Market Power and Subcontractor Status on Log\(1 + Back Wages per 1000 H-1Bs\)}{section.3}% 27
\BOOKMARK [1][-]{section.4}{Replication Notes}{}% 28
\BOOKMARK [2][-]{subsection.4.1}{Data and Sample}{section.4}% 29
\BOOKMARK [2][-]{subsection.4.2}{Key Variables}{section.4}% 30
\BOOKMARK [2][-]{subsection.4.3}{Software Requirements}{section.4}% 31
\BOOKMARK [2][-]{subsection.4.4}{Running the Replication}{section.4}% 32
